-------------------------------------------------------------------------------
Test set: com.cafebabe.cloud.eureka.ApplicationTest
-------------------------------------------------------------------------------
Tests run: 1, Failures: 0, Errors: 1, Skipped: 0, Time elapsed: 0.007 s <<< FAILURE! - in com.cafebabe.cloud.eureka.ApplicationTest
initializationError(com.cafebabe.cloud.eureka.ApplicationTest)  Time elapsed: 0.004 s  <<< ERROR!
java.lang.Exception: Custom runner class Runner should have a public constructor with signature Runner(Class testClass)

